<?xml version="1.0" encoding="UTF-8" ?>
<testsuite tests="9" failures="0" name="com.simplecrud.NewMemberTest" time="0.004" errors="0" skipped="0">
  <properties>
[...]
</properties>
  <testcase classname="com.simplecrud.NewMemberTest" name="testSetUsername" time="0.002"/>
  <testcase classname="com.simplecrud.NewMemberTest" name="testGetUsername" time="0"/>
  <testcase classname="com.simplecrud.NewMemberTest" name="testGetId" time="0.001"/>
  <testcase classname="com.simplecrud.NewMemberTest" name="testGetPassword" time="0"/>
  <testcase classname="com.simplecrud.NewMemberTest" name="testGetEmail" time="0"/>
  <testcase classname="com.simplecrud.NewMemberTest" name="testSetId" time="0"/>
  <testcase classname="com.simplecrud.NewMemberTest" name="testSetPassword" time="0"/>
  <testcase classname="com.simplecrud.NewMemberTest" name="testNewMemberClass" time="0"/>
  <testcase classname="com.simplecrud.NewMemberTest" name="testSetEmail" time="0"/>
</testsuite>